0 info it worked if it ends with ok
1 verbose cli [ 'node', '/usr/local/bin/npm', 'install', '-g', 'locus' ]
2 info using npm@2.5.1
3 info using node@v0.12.0
4 verbose node symlink /usr/local/bin/node
5 silly cache add args [ 'locus', null ]
6 verbose cache add spec locus
7 silly cache add parsed spec { raw: 'locus',
7 silly cache add   scope: null,
7 silly cache add   name: 'locus',
7 silly cache add   rawSpec: '',
7 silly cache add   spec: '*',
7 silly cache add   type: 'range' }
8 verbose addNamed locus@*
9 silly addNamed semver.valid null
10 silly addNamed semver.validRange *
11 silly addNameRange { name: 'locus', range: '*', hasData: false }
12 silly mapToRegistry name locus
13 silly mapToRegistry using default registry
14 silly mapToRegistry registry https://registry.npmjs.org/
15 silly mapToRegistry uri https://registry.npmjs.org/locus
16 verbose addNameRange registry:https://registry.npmjs.org/locus not in flight; fetching
17 verbose request uri https://registry.npmjs.org/locus
18 verbose request no auth needed
19 info attempt registry request try #1 at 10:19:13
20 verbose request id eca485f5def8a82f
21 http request GET https://registry.npmjs.org/locus
22 http 200 https://registry.npmjs.org/locus
23 silly get cb [ 200,
23 silly get   { date: 'Fri, 17 Apr 2015 14:19:14 GMT',
23 silly get     server: 'CouchDB/1.5.0 (Erlang OTP/R16B03)',
23 silly get     etag: '"CO2F3K3BZN8JGJROO0YPN7X5F"',
23 silly get     'content-type': 'application/json',
23 silly get     'cache-control': 'max-age=60',
23 silly get     'content-length': '6376',
23 silly get     'accept-ranges': 'bytes',
23 silly get     via: '1.1 varnish',
23 silly get     age: '0',
23 silly get     'x-served-by': 'cache-iad2126-IAD',
23 silly get     'x-cache': 'MISS',
23 silly get     'x-cache-hits': '0',
23 silly get     'x-timer': 'S1429280354.053158,VS0,VE16',
23 silly get     vary: 'Accept',
23 silly get     'keep-alive': 'timeout=10, max=50',
23 silly get     connection: 'Keep-Alive' } ]
24 verbose get saving locus to /Users/Bobby/.npm/registry.npmjs.org/locus/.cache.json
25 silly addNameRange number 2 { name: 'locus', range: '*', hasData: true }
26 silly addNameRange versions [ 'locus', [ '0.0.1', '0.0.2', '0.0.3', '0.0.4', '0.1.0' ] ]
27 verbose addNamed locus@0.1.0
28 silly addNamed semver.valid 0.1.0
29 silly addNamed semver.validRange 0.1.0
30 silly mapToRegistry name locus
31 silly mapToRegistry using default registry
32 silly mapToRegistry registry https://registry.npmjs.org/
33 silly mapToRegistry uri https://registry.npmjs.org/locus
34 verbose addRemoteTarball https://registry.npmjs.org/locus/-/locus-0.1.0.tgz not in flight; adding
35 verbose addRemoteTarball [ 'https://registry.npmjs.org/locus/-/locus-0.1.0.tgz',
35 verbose addRemoteTarball   'c4fdce6be145e19758f6789b14e2e4de38ba22e4' ]
36 info retry fetch attempt 1 at 10:19:14
37 info attempt registry request try #1 at 10:19:14
38 http fetch GET https://registry.npmjs.org/locus/-/locus-0.1.0.tgz
39 http fetch 200 https://registry.npmjs.org/locus/-/locus-0.1.0.tgz
40 silly fetchAndShaCheck shasum c4fdce6be145e19758f6789b14e2e4de38ba22e4
41 verbose addTmpTarball /var/folders/dv/xtfqb98n2qq1xcg4vm9hx0580000gn/T/npm-638-df8203a8/registry.npmjs.org/locus/-/locus-0.1.0.tgz not in flight; adding
42 verbose addTmpTarball already have metadata; skipping unpack for locus@0.1.0
43 silly cache afterAdd locus@0.1.0
44 verbose afterAdd /Users/Bobby/.npm/locus/0.1.0/package/package.json not in flight; writing
45 verbose afterAdd /Users/Bobby/.npm/locus/0.1.0/package/package.json written
46 silly install resolved [ { name: 'locus',
46 silly install resolved     version: '0.1.0',
46 silly install resolved     description: 'Line focuser',
46 silly install resolved     main: 'lib/locus.js',
46 silly install resolved     scripts: { test: 'echo "Error: no test specified" && exit 1' },
46 silly install resolved     repository: { type: 'git', url: 'https://github.com/alidavut/locus.git' },
46 silly install resolved     dependencies: { 'sync-prompt': '~0.2.2' },
46 silly install resolved     devDependencies:
46 silly install resolved      { matchdep: '~0.1.2',
46 silly install resolved        grunt: '~0.4.1',
46 silly install resolved        'grunt-contrib-coffee': '~0.7.0',
46 silly install resolved        'grunt-contrib-watch': '~0.5.3' },
46 silly install resolved     keywords: [ 'debugger', 'line', 'injection' ],
46 silly install resolved     author: { name: 'Ali Davut' },
46 silly install resolved     license: 'BSD-2-Clause',
46 silly install resolved     bugs: { url: 'https://github.com/alidavut/locus/issues' },
46 silly install resolved     gitHead: 'b36489eecaa1b042b0d98e0a511be6e188e6bb98',
46 silly install resolved     homepage: 'https://github.com/alidavut/locus',
46 silly install resolved     _id: 'locus@0.1.0',
46 silly install resolved     _shasum: 'c4fdce6be145e19758f6789b14e2e4de38ba22e4',
46 silly install resolved     _from: 'locus@*',
46 silly install resolved     _npmVersion: '2.0.0-beta.0',
46 silly install resolved     _npmUser: { name: 'alidavut', email: 'adavut@gmail.com' },
46 silly install resolved     maintainers: [ [Object] ],
46 silly install resolved     dist:
46 silly install resolved      { shasum: 'c4fdce6be145e19758f6789b14e2e4de38ba22e4',
46 silly install resolved        tarball: 'http://registry.npmjs.org/locus/-/locus-0.1.0.tgz' },
46 silly install resolved     directories: {},
46 silly install resolved     _resolved: 'https://registry.npmjs.org/locus/-/locus-0.1.0.tgz' } ]
47 info install locus@0.1.0 into /usr/local/lib
48 info installOne locus@0.1.0
49 verbose installOne of locus to /usr/local/lib not in flight; installing
50 verbose lock using /Users/Bobby/.npm/_locks/locus-9043f7cde1bc9912.lock for /usr/local/lib/node_modules/locus
51 silly install write writing locus 0.1.0 to /usr/local/lib/node_modules/locus
52 silly cache addNamed cb locus@0.1.0
53 verbose unbuild lib/node_modules/locus
54 verbose gentlyRm vacuuming /usr/local/lib/node_modules/locus
55 verbose tar unpack /Users/Bobby/.npm/locus/0.1.0/package.tgz
56 verbose tar unpacking to /usr/local/lib/node_modules/locus
57 verbose gentlyRm vacuuming /usr/local/lib/node_modules/locus
58 silly gunzTarPerm modes [ '755', '644' ]
59 silly gunzTarPerm extractEntry package.json
60 silly gunzTarPerm extractEntry .npmignore
61 silly gunzTarPerm extractEntry README.md
62 silly gunzTarPerm extractEntry Gruntfile.coffee
63 silly gunzTarPerm extractEntry lib/locus.js
64 silly gunzTarPerm extractEntry src/locus.coffee
65 info preinstall locus@0.1.0
66 silly prepareForInstallMany adding sync-prompt@~0.2.2 from locus dependencies
67 silly cache add args [ 'sync-prompt@~0.2.2', null ]
68 verbose cache add spec sync-prompt@~0.2.2
69 silly cache add parsed spec { raw: 'sync-prompt@~0.2.2',
69 silly cache add   scope: null,
69 silly cache add   name: 'sync-prompt',
69 silly cache add   rawSpec: '~0.2.2',
69 silly cache add   spec: '>=0.2.2 <0.3.0',
69 silly cache add   type: 'range' }
70 verbose addNamed sync-prompt@>=0.2.2 <0.3.0
71 silly addNamed semver.valid null
72 silly addNamed semver.validRange >=0.2.2 <0.3.0
73 silly addNameRange { name: 'sync-prompt', range: '>=0.2.2 <0.3.0', hasData: false }
74 silly mapToRegistry name sync-prompt
75 silly mapToRegistry using default registry
76 silly mapToRegistry registry https://registry.npmjs.org/
77 silly mapToRegistry uri https://registry.npmjs.org/sync-prompt
78 verbose addNameRange registry:https://registry.npmjs.org/sync-prompt not in flight; fetching
79 verbose request uri https://registry.npmjs.org/sync-prompt
80 verbose request no auth needed
81 info attempt registry request try #1 at 10:19:14
82 http request GET https://registry.npmjs.org/sync-prompt
83 http 200 https://registry.npmjs.org/sync-prompt
84 silly get cb [ 200,
84 silly get   { date: 'Fri, 17 Apr 2015 14:19:14 GMT',
84 silly get     server: 'CouchDB/1.5.0 (Erlang OTP/R16B03)',
84 silly get     etag: '"F1FI93FOC31FJ12S7F7R5MWHL"',
84 silly get     'content-type': 'application/json',
84 silly get     'cache-control': 'max-age=60',
84 silly get     'content-length': '21588',
84 silly get     'accept-ranges': 'bytes',
84 silly get     via: '1.1 varnish',
84 silly get     age: '0',
84 silly get     'x-served-by': 'cache-iad2147-IAD',
84 silly get     'x-cache': 'MISS',
84 silly get     'x-cache-hits': '0',
84 silly get     'x-timer': 'S1429280354.257637,VS0,VE63',
84 silly get     vary: 'Accept',
84 silly get     'keep-alive': 'timeout=10, max=50',
84 silly get     connection: 'Keep-Alive' } ]
85 verbose get saving sync-prompt to /Users/Bobby/.npm/registry.npmjs.org/sync-prompt/.cache.json
86 silly addNameRange number 2 { name: 'sync-prompt', range: '>=0.2.2 <0.3.0', hasData: true }
87 silly addNameRange versions [ 'sync-prompt',
87 silly addNameRange   [ '0.0.0',
87 silly addNameRange     '0.0.1',
87 silly addNameRange     '0.1.0',
87 silly addNameRange     '0.2.0',
87 silly addNameRange     '0.2.1',
87 silly addNameRange     '0.2.2',
87 silly addNameRange     '0.3.1',
87 silly addNameRange     '0.3.2',
87 silly addNameRange     '0.3.3-beta',
87 silly addNameRange     '0.4.0',
87 silly addNameRange     '0.4.1',
87 silly addNameRange     '0.4.2' ] ]
88 verbose addNamed sync-prompt@0.2.2
89 silly addNamed semver.valid 0.2.2
90 silly addNamed semver.validRange 0.2.2
91 silly mapToRegistry name sync-prompt
92 silly mapToRegistry using default registry
93 silly mapToRegistry registry https://registry.npmjs.org/
94 silly mapToRegistry uri https://registry.npmjs.org/sync-prompt
95 verbose addRemoteTarball https://registry.npmjs.org/sync-prompt/-/sync-prompt-0.2.2.tgz not in flight; adding
96 verbose addRemoteTarball [ 'https://registry.npmjs.org/sync-prompt/-/sync-prompt-0.2.2.tgz',
96 verbose addRemoteTarball   'dc48b36e2961e87650a8600ac122ff1ca4267c2e' ]
97 info retry fetch attempt 1 at 10:19:14
98 info attempt registry request try #1 at 10:19:14
99 http fetch GET https://registry.npmjs.org/sync-prompt/-/sync-prompt-0.2.2.tgz
100 http fetch 200 https://registry.npmjs.org/sync-prompt/-/sync-prompt-0.2.2.tgz
101 silly fetchAndShaCheck shasum dc48b36e2961e87650a8600ac122ff1ca4267c2e
102 verbose addTmpTarball /var/folders/dv/xtfqb98n2qq1xcg4vm9hx0580000gn/T/npm-638-df8203a8/registry.npmjs.org/sync-prompt/-/sync-prompt-0.2.2.tgz not in flight; adding
103 verbose addTmpTarball already have metadata; skipping unpack for sync-prompt@0.2.2
104 silly cache afterAdd sync-prompt@0.2.2
105 verbose afterAdd /Users/Bobby/.npm/sync-prompt/0.2.2/package/package.json not in flight; writing
106 verbose afterAdd /Users/Bobby/.npm/sync-prompt/0.2.2/package/package.json written
107 silly install resolved [ { name: 'sync-prompt',
107 silly install resolved     description: 'Synchronously prompt your user for command-line input.',
107 silly install resolved     homepage: 'https://github.com/shovon/sync-prompt',
107 silly install resolved     keywords: [ 'command', 'line', 'io' ],
107 silly install resolved     version: '0.2.2',
107 silly install resolved     author:
107 silly install resolved      { name: 'Salehen Shovon Rahman',
107 silly install resolved        email: 'salehen.rahman@gmail.com',
107 silly install resolved        url: 'http://shovon.github.io' },
107 silly install resolved     scripts:
107 silly install resolved      { test: './node_modules/mocha/bin/mocha && ./node_modules/jshint/bin/jshint .',
107 silly install resolved        coverage: './node_modules/istanbul/lib/cli.js cover _mocha -- -u exports -R spec',
107 silly install resolved        coveralls: './node_modules/istanbul/lib/cli.js cover ./node_modules/mocha/bin/_mocha --report lcovonly -- -R spec && cat ./coverage/lcov.info | ./node_modules/coveralls/bin/coveralls.js && rm -rf ./coverage',
107 silly install resolved        install: 'node-gyp rebuild' },
107 silly install resolved     repository:
107 silly install resolved      { type: 'git',
107 silly install resolved        url: 'https://github.com/shovon/sync-prompt.git' },
107 silly install resolved     bugs: { url: 'https://github.com/shovon/sync-prompt/issues' },
107 silly install resolved     license:
107 silly install resolved      { type: 'MIT',
107 silly install resolved        url: 'https://github.com/shovon/blob/master/LICENSE' },
107 silly install resolved     main: './lib/sync-prompt',
107 silly install resolved     devDependencies:
107 silly install resolved      { sinon: '~1.7.3',
107 silly install resolved        jshint: '~2.1.4',
107 silly install resolved        mocha: '~1.12.0',
107 silly install resolved        istanbul: '~0.1.44',
107 silly install resolved        coveralls: '~2.3.0',
107 silly install resolved        'mocha-lcov-reporter': '0.0.1' },
107 silly install resolved     gypfile: true,
107 silly install resolved     _id: 'sync-prompt@0.2.2',
107 silly install resolved     dist:
107 silly install resolved      { shasum: 'dc48b36e2961e87650a8600ac122ff1ca4267c2e',
107 silly install resolved        tarball: 'http://registry.npmjs.org/sync-prompt/-/sync-prompt-0.2.2.tgz' },
107 silly install resolved     _from: 'sync-prompt@>=0.2.2 <0.3.0',
107 silly install resolved     _npmVersion: '1.3.5',
107 silly install resolved     _npmUser: { name: 'shovon', email: 'salehen.rahman@gmail.com' },
107 silly install resolved     maintainers: [ [Object] ],
107 silly install resolved     directories: {},
107 silly install resolved     _shasum: 'dc48b36e2961e87650a8600ac122ff1ca4267c2e',
107 silly install resolved     _resolved: 'https://registry.npmjs.org/sync-prompt/-/sync-prompt-0.2.2.tgz' } ]
108 info install sync-prompt@0.2.2 into /usr/local/lib/node_modules/locus
109 info installOne sync-prompt@0.2.2
110 verbose installOne of sync-prompt to /usr/local/lib/node_modules/locus not in flight; installing
111 verbose lock using /Users/Bobby/.npm/_locks/sync-prompt-0d771ed9c8932d09.lock for /usr/local/lib/node_modules/locus/node_modules/sync-prompt
112 silly install write writing sync-prompt 0.2.2 to /usr/local/lib/node_modules/locus/node_modules/sync-prompt
113 silly cache addNamed cb sync-prompt@0.2.2
114 verbose unbuild lib/node_modules/locus/node_modules/sync-prompt
115 verbose gentlyRm vacuuming /usr/local/lib/node_modules/locus/node_modules/sync-prompt
116 verbose tar unpack /Users/Bobby/.npm/sync-prompt/0.2.2/package.tgz
117 verbose tar unpacking to /usr/local/lib/node_modules/locus/node_modules/sync-prompt
118 verbose gentlyRm vacuuming /usr/local/lib/node_modules/locus/node_modules/sync-prompt
119 silly gunzTarPerm modes [ '755', '644' ]
120 silly gunzTarPerm extractEntry package.json
121 silly gunzTarPerm extractEntry .npmignore
122 silly gunzTarPerm extractEntry README.md
123 silly gunzTarPerm extractEntry LICENSE
124 silly gunzTarPerm extractEntry test.js
125 silly gunzTarPerm extractEntry HISTORY.md
126 silly gunzTarPerm extractEntry binding.gyp
127 silly gunzTarPerm extractEntry lib/sync-prompt.js
128 silly gunzTarPerm extractEntry src/sync_prompt.cc
129 info preinstall sync-prompt@0.2.2
130 silly install resolved []
131 verbose about to build /usr/local/lib/node_modules/locus/node_modules/sync-prompt
132 info build /usr/local/lib/node_modules/locus/node_modules/sync-prompt
133 verbose linkStuff [ true,
133 verbose linkStuff   '/usr/local/lib/node_modules',
133 verbose linkStuff   false,
133 verbose linkStuff   '/usr/local/lib/node_modules/locus/node_modules' ]
134 info linkStuff sync-prompt@0.2.2
135 verbose linkBins sync-prompt@0.2.2
136 verbose linkMans sync-prompt@0.2.2
137 verbose rebuildBundles sync-prompt@0.2.2
138 info install sync-prompt@0.2.2
139 verbose unsafe-perm in lifecycle true
140 info sync-prompt@0.2.2 Failed to exec install script
141 verbose unlock done using /Users/Bobby/.npm/_locks/sync-prompt-0d771ed9c8932d09.lock for /usr/local/lib/node_modules/locus/node_modules/sync-prompt
142 verbose about to build /usr/local/lib/node_modules/locus
143 verbose unlock done using /Users/Bobby/.npm/_locks/locus-9043f7cde1bc9912.lock for /usr/local/lib/node_modules/locus
144 verbose stack Error: sync-prompt@0.2.2 install: `node-gyp rebuild`
144 verbose stack Exit status 1
144 verbose stack     at EventEmitter.<anonymous> (/usr/local/lib/node_modules/npm/lib/utils/lifecycle.js:213:16)
144 verbose stack     at EventEmitter.emit (events.js:110:17)
144 verbose stack     at ChildProcess.<anonymous> (/usr/local/lib/node_modules/npm/lib/utils/spawn.js:14:12)
144 verbose stack     at ChildProcess.emit (events.js:110:17)
144 verbose stack     at maybeClose (child_process.js:1008:16)
144 verbose stack     at Process.ChildProcess._handle.onexit (child_process.js:1080:5)
145 verbose pkgid sync-prompt@0.2.2
146 verbose cwd /Users/Bobby/dev/wdi/forum_project1
147 error Darwin 13.4.0
148 error argv "node" "/usr/local/bin/npm" "install" "-g" "locus"
149 error node v0.12.0
150 error npm  v2.5.1
151 error code ELIFECYCLE
152 error sync-prompt@0.2.2 install: `node-gyp rebuild`
152 error Exit status 1
153 error Failed at the sync-prompt@0.2.2 install script 'node-gyp rebuild'.
153 error This is most likely a problem with the sync-prompt package,
153 error not with npm itself.
153 error Tell the author that this fails on your system:
153 error     node-gyp rebuild
153 error You can get their info via:
153 error     npm owner ls sync-prompt
153 error There is likely additional logging output above.
154 verbose exit [ 1, true ]
155 verbose unbuild lib/node_modules/locus/node_modules/sync-prompt
156 info preuninstall sync-prompt@0.2.2
157 info uninstall sync-prompt@0.2.2
158 verbose unbuild rmStuff sync-prompt@0.2.2 from /usr/local/lib/node_modules
159 verbose unbuild rmStuff in /usr/local/lib/node_modules/locus/node_modules
160 info postuninstall sync-prompt@0.2.2
161 verbose gentlyRm vacuuming /usr/local/lib/node_modules/locus/node_modules/sync-prompt
162 silly gentlyRm purging /usr/local/lib/node_modules/locus/node_modules/sync-prompt
163 silly gentlyRm removing /usr/local/lib/node_modules/locus/node_modules
164 silly gentlyRm quitting because other entries in /usr/local/lib/node_modules/locus
165 verbose unbuild lib/node_modules/locus
166 info preuninstall locus@0.1.0
167 info uninstall locus@0.1.0
168 verbose unbuild rmStuff locus@0.1.0 from /usr/local/lib/node_modules
169 info postuninstall locus@0.1.0
170 verbose gentlyRm vacuuming /usr/local/lib/node_modules/locus
171 silly gentlyRm purging /usr/local/lib/node_modules/locus
172 silly gentlyRm quitting because other entries in /usr/local/lib/node_modules
